2019-10-11 10:11:11,176 - Log4JLogChute initialized using file 'velocity.log'
2019-10-11 10:11:11,176 - Initializing Velocity, Calling init()...
2019-10-11 10:11:11,176 - Starting Apache Velocity v1.7 (compiled: 2010-11-19 12:14:37)
2019-10-11 10:11:11,176 - Default Properties File: org/apache/velocity/runtime/defaults/velocity.properties
2019-10-11 10:11:11,176 - Trying to use logger class org.apache.velocity.runtime.log.AvalonLogChute
2019-10-11 10:11:11,176 - Target log system for org.apache.velocity.runtime.log.AvalonLogChute is not available (java.lang.NoClassDefFoundError: org/apache/log/format/Formatter).  Falling back to next log system...
2019-10-11 10:11:11,176 - Trying to use logger class org.apache.velocity.runtime.log.Log4JLogChute
2019-10-11 10:11:11,176 - Using logger class org.apache.velocity.runtime.log.Log4JLogChute
2019-10-11 10:11:11,182 - ResourceLoader instantiated: org.apache.velocity.runtime.resource.loader.ClasspathResourceLoader
2019-10-11 10:11:11,199 - ResourceCache: initialized (class org.apache.velocity.runtime.resource.ResourceCacheImpl) with class java.util.Collections$SynchronizedMap cache map.
2019-10-11 10:11:11,202 - Loaded System Directive: org.apache.velocity.runtime.directive.Stop
2019-10-11 10:11:11,204 - Loaded System Directive: org.apache.velocity.runtime.directive.Define
2019-10-11 10:11:11,205 - Loaded System Directive: org.apache.velocity.runtime.directive.Break
2019-10-11 10:11:11,206 - Loaded System Directive: org.apache.velocity.runtime.directive.Evaluate
2019-10-11 10:11:11,207 - Loaded System Directive: org.apache.velocity.runtime.directive.Literal
2019-10-11 10:11:11,209 - Loaded System Directive: org.apache.velocity.runtime.directive.Macro
2019-10-11 10:11:11,212 - Loaded System Directive: org.apache.velocity.runtime.directive.Parse
2019-10-11 10:11:11,213 - Loaded System Directive: org.apache.velocity.runtime.directive.Include
2019-10-11 10:11:11,215 - Loaded System Directive: org.apache.velocity.runtime.directive.Foreach
2019-10-11 10:11:11,259 - Created '20' parsers.
2019-10-11 10:11:11,268 - Velocimacro : "velocimacro.library" is not set.  Trying default library: VM_global_library.vm
2019-10-11 10:11:11,269 - Could not load resource 'VM_global_library.vm' from ResourceLoader org.apache.velocity.runtime.resource.loader.ClasspathResourceLoader: ClasspathResourceLoader Error: cannot find resource VM_global_library.vm
2019-10-11 10:11:11,269 - Velocimacro : Default library not found.
2019-10-11 10:11:11,269 - Velocimacro : allowInline = true : VMs can be defined inline in templates
2019-10-11 10:11:11,269 - Velocimacro : allowInlineToOverride = false : VMs defined inline may NOT replace previous VM definitions
2019-10-11 10:11:11,269 - Velocimacro : allowInlineLocal = false : VMs defined inline will be global in scope if allowed.
2019-10-11 10:11:11,270 - Velocimacro : autoload off : VM system will not automatically reload global library macros
2019-10-11 10:11:11,412 - ResourceManager : found template/vm/list/java/Models.java.vm with loader org.apache.velocity.runtime.resource.loader.ClasspathResourceLoader
2019-10-11 10:11:11,439 - ResourceManager : found template/vm/list/java/Service.java.vm with loader org.apache.velocity.runtime.resource.loader.ClasspathResourceLoader
2019-10-11 10:11:11,446 - ResourceManager : found template/vm/list/java/Controller.java.vm with loader org.apache.velocity.runtime.resource.loader.ClasspathResourceLoader
2019-10-11 10:11:11,450 - Null reference [template 'template/vm/list/java/Controller.java.vm', line 87, column 68] : ${args[0].id} cannot be resolved.
2019-10-11 10:11:11,464 - ResourceManager : found template/vm/list/html/list.html.vm with loader org.apache.velocity.runtime.resource.loader.ClasspathResourceLoader
2019-10-11 10:11:11,471 - ResourceManager : found template/vm/list/html/add.html.vm with loader org.apache.velocity.runtime.resource.loader.ClasspathResourceLoader
2019-10-11 10:11:11,476 - ResourceManager : found template/vm/list/html/edit.html.vm with loader org.apache.velocity.runtime.resource.loader.ClasspathResourceLoader
2019-10-11 10:11:11,481 - ResourceManager : found template/vm/sql/sql.vm with loader org.apache.velocity.runtime.resource.loader.ClasspathResourceLoader
2019-11-06 13:15:10,167 - Log4JLogChute initialized using file 'velocity.log'
2019-11-06 13:15:10,168 - Initializing Velocity, Calling init()...
2019-11-06 13:15:10,168 - Starting Apache Velocity v1.7 (compiled: 2010-11-19 12:14:37)
2019-11-06 13:15:10,168 - Default Properties File: org/apache/velocity/runtime/defaults/velocity.properties
2019-11-06 13:15:10,168 - Trying to use logger class org.apache.velocity.runtime.log.AvalonLogChute
2019-11-06 13:15:10,168 - Target log system for org.apache.velocity.runtime.log.AvalonLogChute is not available (java.lang.NoClassDefFoundError: org/apache/log/format/Formatter).  Falling back to next log system...
2019-11-06 13:15:10,168 - Trying to use logger class org.apache.velocity.runtime.log.Log4JLogChute
2019-11-06 13:15:10,168 - Using logger class org.apache.velocity.runtime.log.Log4JLogChute
2019-11-06 13:15:10,172 - ResourceLoader instantiated: org.apache.velocity.runtime.resource.loader.ClasspathResourceLoader
2019-11-06 13:15:10,181 - ResourceCache: initialized (class org.apache.velocity.runtime.resource.ResourceCacheImpl) with class java.util.Collections$SynchronizedMap cache map.
2019-11-06 13:15:10,183 - Loaded System Directive: org.apache.velocity.runtime.directive.Stop
2019-11-06 13:15:10,184 - Loaded System Directive: org.apache.velocity.runtime.directive.Define
2019-11-06 13:15:10,184 - Loaded System Directive: org.apache.velocity.runtime.directive.Break
2019-11-06 13:15:10,185 - Loaded System Directive: org.apache.velocity.runtime.directive.Evaluate
2019-11-06 13:15:10,186 - Loaded System Directive: org.apache.velocity.runtime.directive.Literal
2019-11-06 13:15:10,187 - Loaded System Directive: org.apache.velocity.runtime.directive.Macro
2019-11-06 13:15:10,188 - Loaded System Directive: org.apache.velocity.runtime.directive.Parse
2019-11-06 13:15:10,189 - Loaded System Directive: org.apache.velocity.runtime.directive.Include
2019-11-06 13:15:10,190 - Loaded System Directive: org.apache.velocity.runtime.directive.Foreach
2019-11-06 13:15:10,219 - Created '20' parsers.
2019-11-06 13:15:10,225 - Velocimacro : "velocimacro.library" is not set.  Trying default library: VM_global_library.vm
2019-11-06 13:15:10,225 - Could not load resource 'VM_global_library.vm' from ResourceLoader org.apache.velocity.runtime.resource.loader.ClasspathResourceLoader: ClasspathResourceLoader Error: cannot find resource VM_global_library.vm
2019-11-06 13:15:10,225 - Velocimacro : Default library not found.
2019-11-06 13:15:10,225 - Velocimacro : allowInline = true : VMs can be defined inline in templates
2019-11-06 13:15:10,226 - Velocimacro : allowInlineToOverride = false : VMs defined inline may NOT replace previous VM definitions
2019-11-06 13:15:10,226 - Velocimacro : allowInlineLocal = false : VMs defined inline will be global in scope if allowed.
2019-11-06 13:15:10,226 - Velocimacro : autoload off : VM system will not automatically reload global library macros
2019-11-06 13:15:10,302 - ResourceManager : found template/vm/list/java/Models.java.vm with loader org.apache.velocity.runtime.resource.loader.ClasspathResourceLoader
2019-11-06 13:15:10,321 - ResourceManager : found template/vm/list/java/Service.java.vm with loader org.apache.velocity.runtime.resource.loader.ClasspathResourceLoader
2019-11-06 13:15:10,329 - ResourceManager : found template/vm/list/java/Controller.java.vm with loader org.apache.velocity.runtime.resource.loader.ClasspathResourceLoader
2019-11-06 13:15:10,332 - Null reference [template 'template/vm/list/java/Controller.java.vm', line 87, column 68] : ${args[0].id} cannot be resolved.
2019-11-06 13:15:10,342 - ResourceManager : found template/vm/list/html/list.html.vm with loader org.apache.velocity.runtime.resource.loader.ClasspathResourceLoader
2019-11-06 13:15:10,347 - ResourceManager : found template/vm/list/html/add.html.vm with loader org.apache.velocity.runtime.resource.loader.ClasspathResourceLoader
2019-11-06 13:15:10,352 - ResourceManager : found template/vm/list/html/edit.html.vm with loader org.apache.velocity.runtime.resource.loader.ClasspathResourceLoader
2019-11-06 13:15:10,354 - ResourceManager : found template/vm/sql/sql.vm with loader org.apache.velocity.runtime.resource.loader.ClasspathResourceLoader
2019-11-07 14:22:50,084 - Log4JLogChute initialized using file 'velocity.log'
2019-11-07 14:22:50,085 - Initializing Velocity, Calling init()...
2019-11-07 14:22:50,085 - Starting Apache Velocity v1.7 (compiled: 2010-11-19 12:14:37)
2019-11-07 14:22:50,085 - Default Properties File: org/apache/velocity/runtime/defaults/velocity.properties
2019-11-07 14:22:50,085 - Trying to use logger class org.apache.velocity.runtime.log.AvalonLogChute
2019-11-07 14:22:50,085 - Target log system for org.apache.velocity.runtime.log.AvalonLogChute is not available (java.lang.NoClassDefFoundError: org/apache/log/format/Formatter).  Falling back to next log system...
2019-11-07 14:22:50,085 - Trying to use logger class org.apache.velocity.runtime.log.Log4JLogChute
2019-11-07 14:22:50,085 - Using logger class org.apache.velocity.runtime.log.Log4JLogChute
2019-11-07 14:22:50,089 - ResourceLoader instantiated: org.apache.velocity.runtime.resource.loader.ClasspathResourceLoader
2019-11-07 14:22:50,100 - ResourceCache: initialized (class org.apache.velocity.runtime.resource.ResourceCacheImpl) with class java.util.Collections$SynchronizedMap cache map.
2019-11-07 14:22:50,101 - Loaded System Directive: org.apache.velocity.runtime.directive.Stop
2019-11-07 14:22:50,103 - Loaded System Directive: org.apache.velocity.runtime.directive.Define
2019-11-07 14:22:50,103 - Loaded System Directive: org.apache.velocity.runtime.directive.Break
2019-11-07 14:22:50,104 - Loaded System Directive: org.apache.velocity.runtime.directive.Evaluate
2019-11-07 14:22:50,105 - Loaded System Directive: org.apache.velocity.runtime.directive.Literal
2019-11-07 14:22:50,106 - Loaded System Directive: org.apache.velocity.runtime.directive.Macro
2019-11-07 14:22:50,107 - Loaded System Directive: org.apache.velocity.runtime.directive.Parse
2019-11-07 14:22:50,108 - Loaded System Directive: org.apache.velocity.runtime.directive.Include
2019-11-07 14:22:50,109 - Loaded System Directive: org.apache.velocity.runtime.directive.Foreach
2019-11-07 14:22:50,140 - Created '20' parsers.
2019-11-07 14:22:50,146 - Velocimacro : "velocimacro.library" is not set.  Trying default library: VM_global_library.vm
2019-11-07 14:22:50,146 - Could not load resource 'VM_global_library.vm' from ResourceLoader org.apache.velocity.runtime.resource.loader.ClasspathResourceLoader: ClasspathResourceLoader Error: cannot find resource VM_global_library.vm
2019-11-07 14:22:50,146 - Velocimacro : Default library not found.
2019-11-07 14:22:50,146 - Velocimacro : allowInline = true : VMs can be defined inline in templates
2019-11-07 14:22:50,146 - Velocimacro : allowInlineToOverride = false : VMs defined inline may NOT replace previous VM definitions
2019-11-07 14:22:50,147 - Velocimacro : allowInlineLocal = false : VMs defined inline will be global in scope if allowed.
2019-11-07 14:22:50,147 - Velocimacro : autoload off : VM system will not automatically reload global library macros
2019-11-07 14:22:50,237 - ResourceManager : found template/vm/list/java/Models.java.vm with loader org.apache.velocity.runtime.resource.loader.ClasspathResourceLoader
2019-11-07 14:22:50,260 - ResourceManager : found template/vm/list/java/Service.java.vm with loader org.apache.velocity.runtime.resource.loader.ClasspathResourceLoader
2019-11-07 14:22:50,267 - ResourceManager : found template/vm/list/java/Controller.java.vm with loader org.apache.velocity.runtime.resource.loader.ClasspathResourceLoader
2019-11-07 14:22:50,270 - Null reference [template 'template/vm/list/java/Controller.java.vm', line 87, column 68] : ${args[0].id} cannot be resolved.
2019-11-07 14:22:50,281 - ResourceManager : found template/vm/list/html/list.html.vm with loader org.apache.velocity.runtime.resource.loader.ClasspathResourceLoader
2019-11-07 14:22:50,288 - ResourceManager : found template/vm/list/html/add.html.vm with loader org.apache.velocity.runtime.resource.loader.ClasspathResourceLoader
2019-11-07 14:22:50,293 - ResourceManager : found template/vm/list/html/edit.html.vm with loader org.apache.velocity.runtime.resource.loader.ClasspathResourceLoader
2019-11-07 14:22:50,297 - ResourceManager : found template/vm/sql/sql.vm with loader org.apache.velocity.runtime.resource.loader.ClasspathResourceLoader
2019-11-13 18:33:52,792 - Log4JLogChute initialized using file 'velocity.log'
2019-11-13 18:33:52,793 - Initializing Velocity, Calling init()...
2019-11-13 18:33:52,793 - Starting Apache Velocity v1.7 (compiled: 2010-11-19 12:14:37)
2019-11-13 18:33:52,793 - Default Properties File: org/apache/velocity/runtime/defaults/velocity.properties
2019-11-13 18:33:52,793 - Trying to use logger class org.apache.velocity.runtime.log.AvalonLogChute
2019-11-13 18:33:52,793 - Target log system for org.apache.velocity.runtime.log.AvalonLogChute is not available (java.lang.NoClassDefFoundError: org/apache/log/format/Formatter).  Falling back to next log system...
2019-11-13 18:33:52,793 - Trying to use logger class org.apache.velocity.runtime.log.Log4JLogChute
2019-11-13 18:33:52,793 - Using logger class org.apache.velocity.runtime.log.Log4JLogChute
2019-11-13 18:33:52,801 - ResourceLoader instantiated: org.apache.velocity.runtime.resource.loader.ClasspathResourceLoader
2019-11-13 18:33:52,815 - ResourceCache: initialized (class org.apache.velocity.runtime.resource.ResourceCacheImpl) with class java.util.Collections$SynchronizedMap cache map.
2019-11-13 18:33:52,816 - Loaded System Directive: org.apache.velocity.runtime.directive.Stop
2019-11-13 18:33:52,818 - Loaded System Directive: org.apache.velocity.runtime.directive.Define
2019-11-13 18:33:52,819 - Loaded System Directive: org.apache.velocity.runtime.directive.Break
2019-11-13 18:33:52,820 - Loaded System Directive: org.apache.velocity.runtime.directive.Evaluate
2019-11-13 18:33:52,821 - Loaded System Directive: org.apache.velocity.runtime.directive.Literal
2019-11-13 18:33:52,824 - Loaded System Directive: org.apache.velocity.runtime.directive.Macro
2019-11-13 18:33:52,827 - Loaded System Directive: org.apache.velocity.runtime.directive.Parse
2019-11-13 18:33:52,829 - Loaded System Directive: org.apache.velocity.runtime.directive.Include
2019-11-13 18:33:52,830 - Loaded System Directive: org.apache.velocity.runtime.directive.Foreach
2019-11-13 18:33:52,876 - Created '20' parsers.
2019-11-13 18:33:52,884 - Velocimacro : "velocimacro.library" is not set.  Trying default library: VM_global_library.vm
2019-11-13 18:33:52,885 - Could not load resource 'VM_global_library.vm' from ResourceLoader org.apache.velocity.runtime.resource.loader.ClasspathResourceLoader: ClasspathResourceLoader Error: cannot find resource VM_global_library.vm
2019-11-13 18:33:52,885 - Velocimacro : Default library not found.
2019-11-13 18:33:52,885 - Velocimacro : allowInline = true : VMs can be defined inline in templates
2019-11-13 18:33:52,886 - Velocimacro : allowInlineToOverride = false : VMs defined inline may NOT replace previous VM definitions
2019-11-13 18:33:52,886 - Velocimacro : allowInlineLocal = false : VMs defined inline will be global in scope if allowed.
2019-11-13 18:33:52,886 - Velocimacro : autoload off : VM system will not automatically reload global library macros
2019-11-13 18:33:53,005 - ResourceManager : found template/vm/list/java/Models.java.vm with loader org.apache.velocity.runtime.resource.loader.ClasspathResourceLoader
2019-11-13 18:33:53,034 - ResourceManager : found template/vm/list/java/Service.java.vm with loader org.apache.velocity.runtime.resource.loader.ClasspathResourceLoader
2019-11-13 18:33:53,041 - ResourceManager : found template/vm/list/java/Controller.java.vm with loader org.apache.velocity.runtime.resource.loader.ClasspathResourceLoader
2019-11-13 18:33:53,047 - Null reference [template 'template/vm/list/java/Controller.java.vm', line 87, column 68] : ${args[0].id} cannot be resolved.
2019-11-13 18:33:53,058 - ResourceManager : found template/vm/list/html/list.html.vm with loader org.apache.velocity.runtime.resource.loader.ClasspathResourceLoader
2019-11-13 18:33:53,065 - ResourceManager : found template/vm/list/html/add.html.vm with loader org.apache.velocity.runtime.resource.loader.ClasspathResourceLoader
2019-11-13 18:33:53,070 - ResourceManager : found template/vm/list/html/edit.html.vm with loader org.apache.velocity.runtime.resource.loader.ClasspathResourceLoader
2019-11-13 18:33:53,074 - ResourceManager : found template/vm/sql/sql.vm with loader org.apache.velocity.runtime.resource.loader.ClasspathResourceLoader
